<?xml version="1.0" encoding="UTF-8"?>
<!-- Generated by org.testng.reporters.JUnitXMLReporter -->
<testsuite ignored="0" hostname="LAPTOP-JDNDOPLP" failures="0" tests="3" name="Default test" time="9.511" errors="0" timestamp="2022-02-02T22:59:33 IST">
  <testcase classname="RestAssuredTrial.RestAssuredDemo" name="api1" time="5.192"/>
  <testcase classname="RestAssuredTrial.RestAssuredDemo" name="api2" time="2.159"/>
  <testcase classname="RestAssuredTrial.RestAssuredDemo" name="api3" time="2.122"/>
</testsuite> <!-- Default test -->
